[2023-05-31T13:23:25.458+0000] {taskinstance.py:1090} INFO - Dependencies all met for dep_context=non-requeueable deps ti=<TaskInstance: time_task.insert_values manual__2023-05-31T13:23:23.888332+00:00 [queued]>
[2023-05-31T13:23:25.464+0000] {taskinstance.py:1090} INFO - Dependencies all met for dep_context=requeueable deps ti=<TaskInstance: time_task.insert_values manual__2023-05-31T13:23:23.888332+00:00 [queued]>
[2023-05-31T13:23:25.465+0000] {taskinstance.py:1288} INFO - 
--------------------------------------------------------------------------------
[2023-05-31T13:23:25.465+0000] {taskinstance.py:1289} INFO - Starting attempt 1 of 1
[2023-05-31T13:23:25.465+0000] {taskinstance.py:1290} INFO - 
--------------------------------------------------------------------------------
[2023-05-31T13:23:25.473+0000] {taskinstance.py:1309} INFO - Executing <Task(PostgresOperator): insert_values> on 2023-05-31 13:23:23.888332+00:00
[2023-05-31T13:23:25.476+0000] {standard_task_runner.py:55} INFO - Started process 647 to run task
[2023-05-31T13:23:25.479+0000] {standard_task_runner.py:82} INFO - Running: ['***', 'tasks', 'run', 'time_task', 'insert_values', 'manual__2023-05-31T13:23:23.888332+00:00', '--job-id', '17', '--raw', '--subdir', 'DAGS_FOLDER/insertTime.py', '--cfg-path', '/tmp/tmpmai9kaxh']
[2023-05-31T13:23:25.480+0000] {standard_task_runner.py:83} INFO - Job 17: Subtask insert_values
[2023-05-31T13:23:25.530+0000] {task_command.py:389} INFO - Running <TaskInstance: time_task.insert_values manual__2023-05-31T13:23:23.888332+00:00 [running]> on host b61c8577f382
[2023-05-31T13:23:25.591+0000] {taskinstance.py:1518} INFO - Exporting the following env vars:
AIRFLOW_CTX_DAG_OWNER=***
AIRFLOW_CTX_DAG_ID=time_task
AIRFLOW_CTX_TASK_ID=insert_values
AIRFLOW_CTX_EXECUTION_DATE=2023-05-31T13:23:23.888332+00:00
AIRFLOW_CTX_TRY_NUMBER=1
AIRFLOW_CTX_DAG_RUN_ID=manual__2023-05-31T13:23:23.888332+00:00
[2023-05-31T13:23:25.596+0000] {sql.py:254} INFO - Executing: 
                INSERT INTO myTime VALUES (CURRENT_TIMESTAMP);   
        
[2023-05-31T13:23:25.608+0000] {base.py:73} INFO - Using connection ID 'postgres' for task execution.
[2023-05-31T13:23:25.761+0000] {base.py:73} INFO - Using connection ID 'postgres' for task execution.
[2023-05-31T13:23:25.766+0000] {sql.py:375} INFO - Running statement: 
                INSERT INTO myTime VALUES (CURRENT_TIMESTAMP);   
        , parameters: None
[2023-05-31T13:23:25.768+0000] {sql.py:384} INFO - Rows affected: 1
[2023-05-31T13:23:25.778+0000] {taskinstance.py:1332} INFO - Marking task as SUCCESS. dag_id=time_task, task_id=insert_values, execution_date=20230531T132323, start_date=20230531T132325, end_date=20230531T132325
[2023-05-31T13:23:25.814+0000] {local_task_job.py:212} INFO - Task exited with return code 0
[2023-05-31T13:23:25.829+0000] {taskinstance.py:2596} INFO - 0 downstream tasks scheduled from follow-on schedule check
