[2023-05-31T13:23:11.238+0000] {taskinstance.py:1090} INFO - Dependencies all met for dep_context=non-requeueable deps ti=<TaskInstance: time_task.create_table manual__2023-05-31T13:23:10.476377+00:00 [queued]>
[2023-05-31T13:23:11.245+0000] {taskinstance.py:1090} INFO - Dependencies all met for dep_context=requeueable deps ti=<TaskInstance: time_task.create_table manual__2023-05-31T13:23:10.476377+00:00 [queued]>
[2023-05-31T13:23:11.245+0000] {taskinstance.py:1288} INFO - 
--------------------------------------------------------------------------------
[2023-05-31T13:23:11.246+0000] {taskinstance.py:1289} INFO - Starting attempt 1 of 1
[2023-05-31T13:23:11.246+0000] {taskinstance.py:1290} INFO - 
--------------------------------------------------------------------------------
[2023-05-31T13:23:11.255+0000] {taskinstance.py:1309} INFO - Executing <Task(PostgresOperator): create_table> on 2023-05-31 13:23:10.476377+00:00
[2023-05-31T13:23:11.259+0000] {standard_task_runner.py:55} INFO - Started process 641 to run task
[2023-05-31T13:23:11.263+0000] {standard_task_runner.py:82} INFO - Running: ['***', 'tasks', 'run', 'time_task', 'create_table', 'manual__2023-05-31T13:23:10.476377+00:00', '--job-id', '14', '--raw', '--subdir', 'DAGS_FOLDER/insertTime.py', '--cfg-path', '/tmp/tmpm42jz4bu']
[2023-05-31T13:23:11.263+0000] {standard_task_runner.py:83} INFO - Job 14: Subtask create_table
[2023-05-31T13:23:11.324+0000] {task_command.py:389} INFO - Running <TaskInstance: time_task.create_table manual__2023-05-31T13:23:10.476377+00:00 [running]> on host b61c8577f382
[2023-05-31T13:23:11.377+0000] {taskinstance.py:1518} INFO - Exporting the following env vars:
AIRFLOW_CTX_DAG_OWNER=***
AIRFLOW_CTX_DAG_ID=time_task
AIRFLOW_CTX_TASK_ID=create_table
AIRFLOW_CTX_EXECUTION_DATE=2023-05-31T13:23:10.476377+00:00
AIRFLOW_CTX_TRY_NUMBER=1
AIRFLOW_CTX_DAG_RUN_ID=manual__2023-05-31T13:23:10.476377+00:00
[2023-05-31T13:23:11.378+0000] {sql.py:254} INFO - Executing: 
            CREATE TABLE IF NOT EXISTS myTime (
                curr_time TIMESTAMP
            );
        
[2023-05-31T13:23:11.387+0000] {base.py:73} INFO - Using connection ID 'postgres' for task execution.
[2023-05-31T13:23:11.508+0000] {base.py:73} INFO - Using connection ID 'postgres' for task execution.
[2023-05-31T13:23:11.513+0000] {sql.py:375} INFO - Running statement: 
            CREATE TABLE IF NOT EXISTS myTime (
                curr_time TIMESTAMP
            );
        , parameters: None
[2023-05-31T13:23:11.523+0000] {taskinstance.py:1332} INFO - Marking task as SUCCESS. dag_id=time_task, task_id=create_table, execution_date=20230531T132310, start_date=20230531T132311, end_date=20230531T132311
[2023-05-31T13:23:11.556+0000] {local_task_job.py:212} INFO - Task exited with return code 0
[2023-05-31T13:23:11.573+0000] {taskinstance.py:2596} INFO - 1 downstream tasks scheduled from follow-on schedule check
