[2023-05-31T13:13:25.635+0000] {taskinstance.py:1090} INFO - Dependencies all met for dep_context=non-requeueable deps ti=<TaskInstance: time_task.insert_values manual__2023-05-31T13:13:23.503973+00:00 [queued]>
[2023-05-31T13:13:25.640+0000] {taskinstance.py:1090} INFO - Dependencies all met for dep_context=requeueable deps ti=<TaskInstance: time_task.insert_values manual__2023-05-31T13:13:23.503973+00:00 [queued]>
[2023-05-31T13:13:25.641+0000] {taskinstance.py:1288} INFO - 
--------------------------------------------------------------------------------
[2023-05-31T13:13:25.641+0000] {taskinstance.py:1289} INFO - Starting attempt 1 of 1
[2023-05-31T13:13:25.642+0000] {taskinstance.py:1290} INFO - 
--------------------------------------------------------------------------------
[2023-05-31T13:13:25.650+0000] {taskinstance.py:1309} INFO - Executing <Task(PostgresOperator): insert_values> on 2023-05-31 13:13:23.503973+00:00
[2023-05-31T13:13:25.653+0000] {standard_task_runner.py:55} INFO - Started process 409 to run task
[2023-05-31T13:13:25.656+0000] {standard_task_runner.py:82} INFO - Running: ['***', 'tasks', 'run', 'time_task', 'insert_values', 'manual__2023-05-31T13:13:23.503973+00:00', '--job-id', '12', '--raw', '--subdir', 'DAGS_FOLDER/insertTime.py', '--cfg-path', '/tmp/tmpb429aje6']
[2023-05-31T13:13:25.657+0000] {standard_task_runner.py:83} INFO - Job 12: Subtask insert_values
[2023-05-31T13:13:25.706+0000] {task_command.py:389} INFO - Running <TaskInstance: time_task.insert_values manual__2023-05-31T13:13:23.503973+00:00 [running]> on host b61c8577f382
[2023-05-31T13:13:25.752+0000] {taskinstance.py:1518} INFO - Exporting the following env vars:
AIRFLOW_CTX_DAG_OWNER=***
AIRFLOW_CTX_DAG_ID=time_task
AIRFLOW_CTX_TASK_ID=insert_values
AIRFLOW_CTX_EXECUTION_DATE=2023-05-31T13:13:23.503973+00:00
AIRFLOW_CTX_TRY_NUMBER=1
AIRFLOW_CTX_DAG_RUN_ID=manual__2023-05-31T13:13:23.503973+00:00
[2023-05-31T13:13:25.753+0000] {sql.py:254} INFO - Executing: 
                INSERT INTO myTime VALUES (%s);   
        
[2023-05-31T13:13:25.761+0000] {base.py:73} INFO - Using connection ID 'postgres' for task execution.
[2023-05-31T13:13:25.863+0000] {base.py:73} INFO - Using connection ID 'postgres' for task execution.
[2023-05-31T13:13:25.868+0000] {sql.py:375} INFO - Running statement: 
                INSERT INTO myTime VALUES (%s);   
        , parameters: [datetime.datetime(2023, 5, 31, 13, 13, 25, 557222)]
[2023-05-31T13:13:25.869+0000] {sql.py:384} INFO - Rows affected: 1
[2023-05-31T13:13:25.878+0000] {taskinstance.py:1332} INFO - Marking task as SUCCESS. dag_id=time_task, task_id=insert_values, execution_date=20230531T131323, start_date=20230531T131325, end_date=20230531T131325
[2023-05-31T13:13:25.911+0000] {local_task_job.py:212} INFO - Task exited with return code 0
[2023-05-31T13:13:25.924+0000] {taskinstance.py:2596} INFO - 0 downstream tasks scheduled from follow-on schedule check
