[2023-05-31T13:09:08.889+0000] {taskinstance.py:1090} INFO - Dependencies all met for dep_context=non-requeueable deps ti=<TaskInstance: time_task.create_table manual__2023-05-31T13:09:08.460496+00:00 [queued]>
[2023-05-31T13:09:08.895+0000] {taskinstance.py:1090} INFO - Dependencies all met for dep_context=requeueable deps ti=<TaskInstance: time_task.create_table manual__2023-05-31T13:09:08.460496+00:00 [queued]>
[2023-05-31T13:09:08.896+0000] {taskinstance.py:1288} INFO - 
--------------------------------------------------------------------------------
[2023-05-31T13:09:08.897+0000] {taskinstance.py:1289} INFO - Starting attempt 1 of 1
[2023-05-31T13:09:08.897+0000] {taskinstance.py:1290} INFO - 
--------------------------------------------------------------------------------
[2023-05-31T13:09:08.905+0000] {taskinstance.py:1309} INFO - Executing <Task(PostgresOperator): create_table> on 2023-05-31 13:09:08.460496+00:00
[2023-05-31T13:09:08.908+0000] {standard_task_runner.py:55} INFO - Started process 302 to run task
[2023-05-31T13:09:08.912+0000] {standard_task_runner.py:82} INFO - Running: ['***', 'tasks', 'run', 'time_task', 'create_table', 'manual__2023-05-31T13:09:08.460496+00:00', '--job-id', '7', '--raw', '--subdir', 'DAGS_FOLDER/insertTime.py', '--cfg-path', '/tmp/tmpfbcpuggv']
[2023-05-31T13:09:08.913+0000] {standard_task_runner.py:83} INFO - Job 7: Subtask create_table
[2023-05-31T13:09:08.966+0000] {task_command.py:389} INFO - Running <TaskInstance: time_task.create_table manual__2023-05-31T13:09:08.460496+00:00 [running]> on host b61c8577f382
[2023-05-31T13:09:09.014+0000] {taskinstance.py:1518} INFO - Exporting the following env vars:
AIRFLOW_CTX_DAG_OWNER=***
AIRFLOW_CTX_DAG_ID=time_task
AIRFLOW_CTX_TASK_ID=create_table
AIRFLOW_CTX_EXECUTION_DATE=2023-05-31T13:09:08.460496+00:00
AIRFLOW_CTX_TRY_NUMBER=1
AIRFLOW_CTX_DAG_RUN_ID=manual__2023-05-31T13:09:08.460496+00:00
[2023-05-31T13:09:09.015+0000] {sql.py:254} INFO - Executing: 
            CREATE TABLE IF NOT EXISTS myTime (
                curr_time TIMESTAMP
            );
        
[2023-05-31T13:09:09.023+0000] {base.py:73} INFO - Using connection ID 'postgres' for task execution.
[2023-05-31T13:09:09.128+0000] {base.py:73} INFO - Using connection ID 'postgres' for task execution.
[2023-05-31T13:09:09.133+0000] {sql.py:375} INFO - Running statement: 
            CREATE TABLE IF NOT EXISTS myTime (
                curr_time TIMESTAMP
            );
        , parameters: None
[2023-05-31T13:09:09.141+0000] {taskinstance.py:1332} INFO - Marking task as SUCCESS. dag_id=time_task, task_id=create_table, execution_date=20230531T130908, start_date=20230531T130908, end_date=20230531T130909
[2023-05-31T13:09:09.168+0000] {local_task_job.py:212} INFO - Task exited with return code 0
[2023-05-31T13:09:09.185+0000] {taskinstance.py:2596} INFO - 1 downstream tasks scheduled from follow-on schedule check
