[2023-05-31T13:40:05.761+0000] {taskinstance.py:1090} INFO - Dependencies all met for dep_context=non-requeueable deps ti=<TaskInstance: time_task.insert_value manual__2023-05-31T13:40:04.057367+00:00 [queued]>
[2023-05-31T13:40:05.766+0000] {taskinstance.py:1090} INFO - Dependencies all met for dep_context=requeueable deps ti=<TaskInstance: time_task.insert_value manual__2023-05-31T13:40:04.057367+00:00 [queued]>
[2023-05-31T13:40:05.767+0000] {taskinstance.py:1288} INFO - 
--------------------------------------------------------------------------------
[2023-05-31T13:40:05.767+0000] {taskinstance.py:1289} INFO - Starting attempt 1 of 1
[2023-05-31T13:40:05.768+0000] {taskinstance.py:1290} INFO - 
--------------------------------------------------------------------------------
[2023-05-31T13:40:05.775+0000] {taskinstance.py:1309} INFO - Executing <Task(PostgresOperator): insert_value> on 2023-05-31 13:40:04.057367+00:00
[2023-05-31T13:40:05.779+0000] {standard_task_runner.py:55} INFO - Started process 66 to run task
[2023-05-31T13:40:05.782+0000] {standard_task_runner.py:82} INFO - Running: ['***', 'tasks', 'run', 'time_task', 'insert_value', 'manual__2023-05-31T13:40:04.057367+00:00', '--job-id', '21', '--raw', '--subdir', 'DAGS_FOLDER/insertTime.py', '--cfg-path', '/tmp/tmpidfsgmxz']
[2023-05-31T13:40:05.782+0000] {standard_task_runner.py:83} INFO - Job 21: Subtask insert_value
[2023-05-31T13:40:05.831+0000] {task_command.py:389} INFO - Running <TaskInstance: time_task.insert_value manual__2023-05-31T13:40:04.057367+00:00 [running]> on host b61c8577f382
[2023-05-31T13:40:05.876+0000] {taskinstance.py:1518} INFO - Exporting the following env vars:
AIRFLOW_CTX_DAG_OWNER=***
AIRFLOW_CTX_DAG_ID=time_task
AIRFLOW_CTX_TASK_ID=insert_value
AIRFLOW_CTX_EXECUTION_DATE=2023-05-31T13:40:04.057367+00:00
AIRFLOW_CTX_TRY_NUMBER=1
AIRFLOW_CTX_DAG_RUN_ID=manual__2023-05-31T13:40:04.057367+00:00
[2023-05-31T13:40:05.877+0000] {sql.py:254} INFO - Executing: 
                INSERT INTO myTime VALUES (CURRENT_TIMESTAMP);   
        
[2023-05-31T13:40:05.884+0000] {base.py:73} INFO - Using connection ID 'postgres' for task execution.
[2023-05-31T13:40:05.987+0000] {base.py:73} INFO - Using connection ID 'postgres' for task execution.
[2023-05-31T13:40:05.992+0000] {sql.py:375} INFO - Running statement: 
                INSERT INTO myTime VALUES (CURRENT_TIMESTAMP);   
        , parameters: None
[2023-05-31T13:40:05.993+0000] {sql.py:384} INFO - Rows affected: 1
[2023-05-31T13:40:06.002+0000] {taskinstance.py:1332} INFO - Marking task as SUCCESS. dag_id=time_task, task_id=insert_value, execution_date=20230531T134004, start_date=20230531T134005, end_date=20230531T134006
[2023-05-31T13:40:06.034+0000] {local_task_job.py:212} INFO - Task exited with return code 0
[2023-05-31T13:40:06.048+0000] {taskinstance.py:2596} INFO - 0 downstream tasks scheduled from follow-on schedule check
