[2023-05-31T12:58:42.032+0000] {manager.py:487} INFO - Processing files using up to 2 processes at a time 
[2023-05-31T12:58:42.035+0000] {manager.py:488} INFO - Process each file at most once every 30 seconds
[2023-05-31T12:58:42.040+0000] {manager.py:490} INFO - Checking for new files in /opt/airflow/dags every 300 seconds
[2023-05-31T12:58:42.044+0000] {manager.py:736} INFO - Searching for files in /opt/airflow/dags
[2023-05-31T12:58:42.050+0000] {manager.py:739} INFO - There are 0 files in /opt/airflow/dags
[2023-05-31T13:03:42.734+0000] {manager.py:736} INFO - Searching for files in /opt/airflow/dags
[2023-05-31T13:03:42.753+0000] {manager.py:739} INFO - There are 1 files in /opt/airflow/dags
[2023-05-31T13:03:44.811+0000] {manager.py:864} INFO - 
================================================================================
DAG File Processing Stats

File Path                        PID    Runtime      # DAGs    # Errors  Last Runtime    Last Run
-------------------------------  -----  ---------  --------  ----------  --------------  -------------------
/opt/airflow/dags/insertTime.py                           1           0  0.24s           2023-05-31T13:03:43
================================================================================
[2023-05-31T13:04:15.240+0000] {manager.py:864} INFO - 
================================================================================
DAG File Processing Stats

File Path                        PID    Runtime      # DAGs    # Errors  Last Runtime    Last Run
-------------------------------  -----  ---------  --------  ----------  --------------  -------------------
/opt/airflow/dags/insertTime.py                           1           0  0.13s           2023-05-31T13:03:59
================================================================================
[2023-05-31T13:04:45.609+0000] {manager.py:864} INFO - 
================================================================================
DAG File Processing Stats

File Path                        PID    Runtime      # DAGs    # Errors  Last Runtime    Last Run
-------------------------------  -----  ---------  --------  ----------  --------------  -------------------
/opt/airflow/dags/insertTime.py                           0           1  0.08s           2023-05-31T13:04:21
================================================================================
[2023-05-31T13:05:16.090+0000] {manager.py:864} INFO - 
================================================================================
DAG File Processing Stats

File Path                        PID    Runtime      # DAGs    # Errors  Last Runtime    Last Run
-------------------------------  -----  ---------  --------  ----------  --------------  -------------------
/opt/airflow/dags/insertTime.py                           1           0  0.13s           2023-05-31T13:05:13
================================================================================
[2023-05-31T13:05:46.661+0000] {manager.py:864} INFO - 
================================================================================
DAG File Processing Stats

File Path                        PID    Runtime      # DAGs    # Errors  Last Runtime    Last Run
-------------------------------  -----  ---------  --------  ----------  --------------  -------------------
/opt/airflow/dags/insertTime.py                           1           0  0.13s           2023-05-31T13:05:39
================================================================================
[2023-05-31T13:06:16.929+0000] {manager.py:864} INFO - 
================================================================================
DAG File Processing Stats

File Path                        PID    Runtime      # DAGs    # Errors  Last Runtime    Last Run
-------------------------------  -----  ---------  --------  ----------  --------------  -------------------
/opt/airflow/dags/insertTime.py                           1           0  0.19s           2023-05-31T13:06:10
================================================================================
[2023-05-31T13:06:46.337+0000] {manager.py:524} INFO - DAG task_on_table is missing and will be deactivated.
[2023-05-31T13:06:46.347+0000] {manager.py:534} INFO - Deactivated 1 DAGs which are no longer present in file.
[2023-05-31T13:06:46.353+0000] {manager.py:538} INFO - Deleted DAG task_on_table in serialized_dag table
[2023-05-31T13:06:47.370+0000] {manager.py:864} INFO - 
================================================================================
DAG File Processing Stats

File Path                        PID    Runtime      # DAGs    # Errors  Last Runtime    Last Run
-------------------------------  -----  ---------  --------  ----------  --------------  -------------------
/opt/airflow/dags/insertTime.py                           1           0  0.14s           2023-05-31T13:06:40
================================================================================
[2023-05-31T13:07:17.698+0000] {manager.py:864} INFO - 
================================================================================
DAG File Processing Stats

File Path                        PID    Runtime      # DAGs    # Errors  Last Runtime    Last Run
-------------------------------  -----  ---------  --------  ----------  --------------  -------------------
/opt/airflow/dags/insertTime.py                           1           0  0.16s           2023-05-31T13:07:10
================================================================================
[2023-05-31T13:07:48.061+0000] {manager.py:864} INFO - 
================================================================================
DAG File Processing Stats

File Path                        PID    Runtime      # DAGs    # Errors  Last Runtime    Last Run
-------------------------------  -----  ---------  --------  ----------  --------------  -------------------
/opt/airflow/dags/insertTime.py                           1           0  0.10s           2023-05-31T13:07:40
================================================================================
[2023-05-31T13:08:18.319+0000] {manager.py:864} INFO - 
================================================================================
DAG File Processing Stats

File Path                        PID    Runtime      # DAGs    # Errors  Last Runtime    Last Run
-------------------------------  -----  ---------  --------  ----------  --------------  -------------------
/opt/airflow/dags/insertTime.py                           1           0  0.11s           2023-05-31T13:08:11
================================================================================
[2023-05-31T13:08:43.616+0000] {manager.py:736} INFO - Searching for files in /opt/airflow/dags
[2023-05-31T13:08:43.634+0000] {manager.py:739} INFO - There are 1 files in /opt/airflow/dags
[2023-05-31T13:08:48.696+0000] {manager.py:864} INFO - 
================================================================================
DAG File Processing Stats

File Path                        PID    Runtime      # DAGs    # Errors  Last Runtime    Last Run
-------------------------------  -----  ---------  --------  ----------  --------------  -------------------
/opt/airflow/dags/insertTime.py                           1           0  0.12s           2023-05-31T13:08:41
================================================================================
[2023-05-31T13:09:19.020+0000] {manager.py:864} INFO - 
================================================================================
DAG File Processing Stats

File Path                        PID    Runtime      # DAGs    # Errors  Last Runtime    Last Run
-------------------------------  -----  ---------  --------  ----------  --------------  -------------------
/opt/airflow/dags/insertTime.py                           1           0  0.18s           2023-05-31T13:08:52
================================================================================
[2023-05-31T13:09:49.423+0000] {manager.py:864} INFO - 
================================================================================
DAG File Processing Stats

File Path                        PID    Runtime      # DAGs    # Errors  Last Runtime    Last Run
-------------------------------  -----  ---------  --------  ----------  --------------  -------------------
/opt/airflow/dags/insertTime.py                           1           0  0.14s           2023-05-31T13:09:23
================================================================================
[2023-05-31T13:10:19.717+0000] {manager.py:864} INFO - 
================================================================================
DAG File Processing Stats

File Path                        PID    Runtime      # DAGs    # Errors  Last Runtime    Last Run
-------------------------------  -----  ---------  --------  ----------  --------------  -------------------
/opt/airflow/dags/insertTime.py                           1           0  0.13s           2023-05-31T13:09:53
================================================================================
[2023-05-31T13:10:50.099+0000] {manager.py:864} INFO - 
================================================================================
DAG File Processing Stats

File Path                        PID    Runtime      # DAGs    # Errors  Last Runtime    Last Run
-------------------------------  -----  ---------  --------  ----------  --------------  -------------------
/opt/airflow/dags/insertTime.py                           1           0  0.14s           2023-05-31T13:10:42
================================================================================
[2023-05-31T13:11:20.441+0000] {manager.py:864} INFO - 
================================================================================
DAG File Processing Stats

File Path                        PID    Runtime      # DAGs    # Errors  Last Runtime    Last Run
-------------------------------  -----  ---------  --------  ----------  --------------  -------------------
/opt/airflow/dags/insertTime.py                           1           0  0.15s           2023-05-31T13:10:51
================================================================================
[2023-05-31T13:11:50.798+0000] {manager.py:864} INFO - 
================================================================================
DAG File Processing Stats

File Path                        PID    Runtime      # DAGs    # Errors  Last Runtime    Last Run
-------------------------------  -----  ---------  --------  ----------  --------------  -------------------
/opt/airflow/dags/insertTime.py                           1           0  0.15s           2023-05-31T13:11:21
================================================================================
[2023-05-31T13:12:21.173+0000] {manager.py:864} INFO - 
================================================================================
DAG File Processing Stats

File Path                        PID    Runtime      # DAGs    # Errors  Last Runtime    Last Run
-------------------------------  -----  ---------  --------  ----------  --------------  -------------------
/opt/airflow/dags/insertTime.py                           1           0  0.13s           2023-05-31T13:11:51
================================================================================
[2023-05-31T13:12:51.524+0000] {manager.py:864} INFO - 
================================================================================
DAG File Processing Stats

File Path                        PID    Runtime      # DAGs    # Errors  Last Runtime    Last Run
-------------------------------  -----  ---------  --------  ----------  --------------  -------------------
/opt/airflow/dags/insertTime.py                           1           0  0.13s           2023-05-31T13:12:22
================================================================================
[2023-05-31T13:13:21.911+0000] {manager.py:864} INFO - 
================================================================================
DAG File Processing Stats

File Path                        PID    Runtime      # DAGs    # Errors  Last Runtime    Last Run
-------------------------------  -----  ---------  --------  ----------  --------------  -------------------
/opt/airflow/dags/insertTime.py                           1           0  0.14s           2023-05-31T13:13:16
================================================================================
[2023-05-31T13:13:44.121+0000] {manager.py:736} INFO - Searching for files in /opt/airflow/dags
[2023-05-31T13:13:44.128+0000] {manager.py:739} INFO - There are 1 files in /opt/airflow/dags
[2023-05-31T13:13:52.251+0000] {manager.py:864} INFO - 
================================================================================
DAG File Processing Stats

File Path                        PID    Runtime      # DAGs    # Errors  Last Runtime    Last Run
-------------------------------  -----  ---------  --------  ----------  --------------  -------------------
/opt/airflow/dags/insertTime.py                           1           0  0.12s           2023-05-31T13:13:47
================================================================================
[2023-05-31T13:14:22.558+0000] {manager.py:864} INFO - 
================================================================================
DAG File Processing Stats

File Path                        PID    Runtime      # DAGs    # Errors  Last Runtime    Last Run
-------------------------------  -----  ---------  --------  ----------  --------------  -------------------
/opt/airflow/dags/insertTime.py                           1           0  0.11s           2023-05-31T13:14:17
================================================================================
[2023-05-31T13:14:52.884+0000] {manager.py:864} INFO - 
================================================================================
DAG File Processing Stats

File Path                        PID    Runtime      # DAGs    # Errors  Last Runtime    Last Run
-------------------------------  -----  ---------  --------  ----------  --------------  -------------------
/opt/airflow/dags/insertTime.py                           1           0  1.15s           2023-05-31T13:14:48
================================================================================
[2023-05-31T13:15:23.240+0000] {manager.py:864} INFO - 
================================================================================
DAG File Processing Stats

File Path                        PID    Runtime      # DAGs    # Errors  Last Runtime    Last Run
-------------------------------  -----  ---------  --------  ----------  --------------  -------------------
/opt/airflow/dags/insertTime.py                           1           0  0.15s           2023-05-31T13:15:19
================================================================================
[2023-05-31T13:15:53.544+0000] {manager.py:864} INFO - 
================================================================================
DAG File Processing Stats

File Path                        PID    Runtime      # DAGs    # Errors  Last Runtime    Last Run
-------------------------------  -----  ---------  --------  ----------  --------------  -------------------
/opt/airflow/dags/insertTime.py                           1           0  0.10s           2023-05-31T13:15:49
================================================================================
[2023-05-31T13:16:23.847+0000] {manager.py:864} INFO - 
================================================================================
DAG File Processing Stats

File Path                        PID    Runtime      # DAGs    # Errors  Last Runtime    Last Run
-------------------------------  -----  ---------  --------  ----------  --------------  -------------------
/opt/airflow/dags/insertTime.py                           1           0  0.11s           2023-05-31T13:16:19
================================================================================
[2023-05-31T13:16:54.201+0000] {manager.py:864} INFO - 
================================================================================
DAG File Processing Stats

File Path                        PID    Runtime      # DAGs    # Errors  Last Runtime    Last Run
-------------------------------  -----  ---------  --------  ----------  --------------  -------------------
/opt/airflow/dags/insertTime.py                           1           0  0.13s           2023-05-31T13:16:50
================================================================================
[2023-05-31T13:17:24.592+0000] {manager.py:864} INFO - 
================================================================================
DAG File Processing Stats

File Path                        PID    Runtime      # DAGs    # Errors  Last Runtime    Last Run
-------------------------------  -----  ---------  --------  ----------  --------------  -------------------
/opt/airflow/dags/insertTime.py                           1           0  0.15s           2023-05-31T13:17:20
================================================================================
[2023-05-31T13:17:54.975+0000] {manager.py:864} INFO - 
================================================================================
DAG File Processing Stats

File Path                        PID    Runtime      # DAGs    # Errors  Last Runtime    Last Run
-------------------------------  -----  ---------  --------  ----------  --------------  -------------------
/opt/airflow/dags/insertTime.py                           1           0  0.13s           2023-05-31T13:17:51
================================================================================
[2023-05-31T13:18:25.351+0000] {manager.py:864} INFO - 
================================================================================
DAG File Processing Stats

File Path                        PID    Runtime      # DAGs    # Errors  Last Runtime    Last Run
-------------------------------  -----  ---------  --------  ----------  --------------  -------------------
/opt/airflow/dags/insertTime.py                           1           0  0.13s           2023-05-31T13:18:21
================================================================================
[2023-05-31T13:18:44.505+0000] {manager.py:736} INFO - Searching for files in /opt/airflow/dags
[2023-05-31T13:18:44.517+0000] {manager.py:739} INFO - There are 1 files in /opt/airflow/dags
[2023-05-31T13:18:55.663+0000] {manager.py:864} INFO - 
================================================================================
DAG File Processing Stats

File Path                        PID    Runtime      # DAGs    # Errors  Last Runtime    Last Run
-------------------------------  -----  ---------  --------  ----------  --------------  -------------------
/opt/airflow/dags/insertTime.py                           1           0  0.13s           2023-05-31T13:18:51
================================================================================
[2023-05-31T13:19:25.987+0000] {manager.py:864} INFO - 
================================================================================
DAG File Processing Stats

File Path                        PID    Runtime      # DAGs    # Errors  Last Runtime    Last Run
-------------------------------  -----  ---------  --------  ----------  --------------  -------------------
/opt/airflow/dags/insertTime.py                           1           0  0.13s           2023-05-31T13:19:22
================================================================================
[2023-05-31T13:19:56.305+0000] {manager.py:864} INFO - 
================================================================================
DAG File Processing Stats

File Path                        PID    Runtime      # DAGs    # Errors  Last Runtime    Last Run
-------------------------------  -----  ---------  --------  ----------  --------------  -------------------
/opt/airflow/dags/insertTime.py                           1           0  0.15s           2023-05-31T13:19:52
================================================================================
[2023-05-31T13:20:26.684+0000] {manager.py:864} INFO - 
================================================================================
DAG File Processing Stats

File Path                        PID    Runtime      # DAGs    # Errors  Last Runtime    Last Run
-------------------------------  -----  ---------  --------  ----------  --------------  -------------------
/opt/airflow/dags/insertTime.py                           1           0  0.13s           2023-05-31T13:20:22
================================================================================
[2023-05-31T13:20:57.057+0000] {manager.py:864} INFO - 
================================================================================
DAG File Processing Stats

File Path                        PID    Runtime      # DAGs    # Errors  Last Runtime    Last Run
-------------------------------  -----  ---------  --------  ----------  --------------  -------------------
/opt/airflow/dags/insertTime.py                           1           0  0.13s           2023-05-31T13:20:53
================================================================================
[2023-05-31T13:21:27.395+0000] {manager.py:864} INFO - 
================================================================================
DAG File Processing Stats

File Path                        PID    Runtime      # DAGs    # Errors  Last Runtime    Last Run
-------------------------------  -----  ---------  --------  ----------  --------------  -------------------
/opt/airflow/dags/insertTime.py                           1           0  0.14s           2023-05-31T13:21:23
================================================================================
[2023-05-31T13:21:57.750+0000] {manager.py:864} INFO - 
================================================================================
DAG File Processing Stats

File Path                        PID    Runtime      # DAGs    # Errors  Last Runtime    Last Run
-------------------------------  -----  ---------  --------  ----------  --------------  -------------------
/opt/airflow/dags/insertTime.py                           1           0  0.13s           2023-05-31T13:21:53
================================================================================
[2023-05-31T13:22:28.083+0000] {manager.py:864} INFO - 
================================================================================
DAG File Processing Stats

File Path                        PID    Runtime      # DAGs    # Errors  Last Runtime    Last Run
-------------------------------  -----  ---------  --------  ----------  --------------  -------------------
/opt/airflow/dags/insertTime.py                           1           0  0.12s           2023-05-31T13:22:08
================================================================================
[2023-05-31T13:22:58.578+0000] {manager.py:864} INFO - 
================================================================================
DAG File Processing Stats

File Path                        PID    Runtime      # DAGs    # Errors  Last Runtime    Last Run
-------------------------------  -----  ---------  --------  ----------  --------------  -------------------
/opt/airflow/dags/insertTime.py                           1           0  0.13s           2023-05-31T13:22:56
================================================================================
[2023-05-31T13:23:28.919+0000] {manager.py:864} INFO - 
================================================================================
DAG File Processing Stats

File Path                        PID    Runtime      # DAGs    # Errors  Last Runtime    Last Run
-------------------------------  -----  ---------  --------  ----------  --------------  -------------------
/opt/airflow/dags/insertTime.py                           1           0  0.17s           2023-05-31T13:23:27
================================================================================
[2023-05-31T13:23:45.079+0000] {manager.py:736} INFO - Searching for files in /opt/airflow/dags
[2023-05-31T13:23:45.097+0000] {manager.py:739} INFO - There are 1 files in /opt/airflow/dags
[2023-05-31T13:23:59.323+0000] {manager.py:864} INFO - 
================================================================================
DAG File Processing Stats

File Path                        PID    Runtime      # DAGs    # Errors  Last Runtime    Last Run
-------------------------------  -----  ---------  --------  ----------  --------------  -------------------
/opt/airflow/dags/insertTime.py                           1           0  0.12s           2023-05-31T13:23:49
================================================================================
[2023-05-31T13:24:29.758+0000] {manager.py:864} INFO - 
================================================================================
DAG File Processing Stats

File Path                        PID    Runtime      # DAGs    # Errors  Last Runtime    Last Run
-------------------------------  -----  ---------  --------  ----------  --------------  -------------------
/opt/airflow/dags/insertTime.py                           1           0  0.15s           2023-05-31T13:24:05
================================================================================
[2023-05-31T13:24:57.151+0000] {manager.py:469} INFO - Exiting gracefully upon receiving signal 15
[2023-05-31T13:39:25.342+0000] {manager.py:487} INFO - Processing files using up to 2 processes at a time 
[2023-05-31T13:39:25.346+0000] {manager.py:488} INFO - Process each file at most once every 30 seconds
[2023-05-31T13:39:25.349+0000] {manager.py:490} INFO - Checking for new files in /opt/airflow/dags every 300 seconds
[2023-05-31T13:39:25.352+0000] {manager.py:736} INFO - Searching for files in /opt/airflow/dags
[2023-05-31T13:39:25.382+0000] {manager.py:739} INFO - There are 1 files in /opt/airflow/dags
[2023-05-31T13:39:25.460+0000] {manager.py:864} INFO - 
================================================================================
DAG File Processing Stats

File Path                          PID  Runtime      # DAGs    # Errors  Last Runtime    Last Run
-------------------------------  -----  ---------  --------  ----------  --------------  ----------
/opt/airflow/dags/insertTime.py     34  0.04s             0           0
================================================================================
[2023-05-31T13:39:55.686+0000] {manager.py:864} INFO - 
================================================================================
DAG File Processing Stats

File Path                        PID    Runtime      # DAGs    # Errors  Last Runtime    Last Run
-------------------------------  -----  ---------  --------  ----------  --------------  -------------------
/opt/airflow/dags/insertTime.py                           1           0  0.28s           2023-05-31T13:39:25
================================================================================
[2023-05-31T13:40:26.226+0000] {manager.py:864} INFO - 
================================================================================
DAG File Processing Stats

File Path                          PID  Runtime      # DAGs    # Errors  Last Runtime    Last Run
-------------------------------  -----  ---------  --------  ----------  --------------  -------------------
/opt/airflow/dags/insertTime.py     51  0.01s             1           0  0.14s           2023-05-31T13:39:56
================================================================================
[2023-05-31T13:40:56.572+0000] {manager.py:864} INFO - 
================================================================================
DAG File Processing Stats

File Path                          PID  Runtime      # DAGs    # Errors  Last Runtime    Last Run
-------------------------------  -----  ---------  --------  ----------  --------------  -------------------
/opt/airflow/dags/insertTime.py     59  0.01s             1           0  0.14s           2023-05-31T13:40:26
================================================================================
[2023-05-31T13:41:26.833+0000] {manager.py:864} INFO - 
================================================================================
DAG File Processing Stats

File Path                          PID  Runtime      # DAGs    # Errors  Last Runtime    Last Run
-------------------------------  -----  ---------  --------  ----------  --------------  -------------------
/opt/airflow/dags/insertTime.py     68  0.01s             1           0  0.13s           2023-05-31T13:40:56
================================================================================
[2023-05-31T13:41:57.123+0000] {manager.py:864} INFO - 
================================================================================
DAG File Processing Stats

File Path                          PID  Runtime      # DAGs    # Errors  Last Runtime    Last Run
-------------------------------  -----  ---------  --------  ----------  --------------  -------------------
/opt/airflow/dags/insertTime.py     76  0.00s             1           0  0.11s           2023-05-31T13:41:26
================================================================================
[2023-05-31T13:41:58.473+0000] {manager.py:469} INFO - Exiting gracefully upon receiving signal 15
[2023-06-11T17:21:14.725+0000] {manager.py:487} INFO - Processing files using up to 2 processes at a time 
[2023-06-11T17:21:14.741+0000] {manager.py:488} INFO - Process each file at most once every 30 seconds
[2023-06-11T17:21:14.743+0000] {manager.py:490} INFO - Checking for new files in /opt/airflow/dags every 300 seconds
[2023-06-11T17:21:14.746+0000] {manager.py:736} INFO - Searching for files in /opt/airflow/dags
[2023-06-11T17:21:14.822+0000] {manager.py:739} INFO - There are 1 files in /opt/airflow/dags
[2023-06-11T17:21:21.255+0000] {manager.py:864} INFO - 
================================================================================
DAG File Processing Stats

File Path                        PID    Runtime      # DAGs    # Errors  Last Runtime    Last Run
-------------------------------  -----  ---------  --------  ----------  --------------  -------------------
/opt/airflow/dags/insertTime.py                           1           0  0.81s           2023-06-11T17:21:15
================================================================================
[2023-06-11T17:21:57.290+0000] {manager.py:864} INFO - 
================================================================================
DAG File Processing Stats

File Path                          PID  Runtime      # DAGs    # Errors  Last Runtime    Last Run
-------------------------------  -----  ---------  --------  ----------  --------------  -------------------
/opt/airflow/dags/insertTime.py     35  0.08s             1           0  0.81s           2023-06-11T17:21:15
================================================================================
[2023-06-11T17:22:21.024+0000] {manager.py:469} INFO - Exiting gracefully upon receiving signal 15
[2023-06-14T06:11:38.742+0000] {manager.py:487} INFO - Processing files using up to 2 processes at a time 
[2023-06-14T06:11:38.748+0000] {manager.py:488} INFO - Process each file at most once every 30 seconds
[2023-06-14T06:11:38.749+0000] {manager.py:490} INFO - Checking for new files in /opt/airflow/dags every 300 seconds
[2023-06-14T06:11:38.750+0000] {manager.py:736} INFO - Searching for files in /opt/airflow/dags
[2023-06-14T06:11:38.763+0000] {manager.py:739} INFO - There are 1 files in /opt/airflow/dags
[2023-06-14T06:11:38.823+0000] {manager.py:864} INFO - 
================================================================================
DAG File Processing Stats

File Path                          PID  Runtime      # DAGs    # Errors  Last Runtime    Last Run
-------------------------------  -----  ---------  --------  ----------  --------------  ----------
/opt/airflow/dags/insertTime.py     34  0.03s             0           0
================================================================================
[2023-06-14T06:12:09.012+0000] {manager.py:864} INFO - 
================================================================================
DAG File Processing Stats

File Path                        PID    Runtime      # DAGs    # Errors  Last Runtime    Last Run
-------------------------------  -----  ---------  --------  ----------  --------------  -------------------
/opt/airflow/dags/insertTime.py                           1           0  0.26s           2023-06-14T06:11:39
================================================================================
[2023-06-14T06:12:39.626+0000] {manager.py:864} INFO - 
================================================================================
DAG File Processing Stats

File Path                          PID  Runtime      # DAGs    # Errors  Last Runtime    Last Run
-------------------------------  -----  ---------  --------  ----------  --------------  -------------------
/opt/airflow/dags/insertTime.py     50  0.01s             1           0  0.14s           2023-06-14T06:12:09
================================================================================
[2023-06-14T06:13:10.018+0000] {manager.py:864} INFO - 
================================================================================
DAG File Processing Stats

File Path                          PID  Runtime      # DAGs    # Errors  Last Runtime    Last Run
-------------------------------  -----  ---------  --------  ----------  --------------  -------------------
/opt/airflow/dags/insertTime.py     58  0.02s             1           0  0.13s           2023-06-14T06:12:39
================================================================================
